#
# A fatal error has been detected by the Java Runtime Environment:
#
#  Internal Error (javaClasses.cpp:127), pid=12398, tid=140277006288640
#  fatal error: Invalid layout of preloaded class
#
# JRE version:  (8.0_45-b14) (build )
# Java VM: Java HotSpot(TM) 64-Bit Server VM (25.45-b02 mixed mode linux-amd64 compressed oops)
# Failed to write core dump. Core dumps have been disabled. To enable core dumping, try "ulimit -c unlimited" before starting Java again
#
# If you would like to submit a bug report, please visit:
#   http://bugreport.java.com/bugreport/crash.jsp
#

---------------  T H R E A D  ---------------

Current thread (0x00007f94c000a000):  JavaThread "Unknown thread" [_thread_in_vm, id=12400, stack(0x00007f94c9114000,0x00007f94c9215000)]

Stack: [0x00007f94c9114000,0x00007f94c9215000],  sp=0x00007f94c9213810,  free space=1022k
Native frames: (J=compiled Java code, j=interpreted, Vv=VM code, C=native code)
V  [libjvm.so+0xaac99a]  VMError::report_and_die()+0x2ba
V  [libjvm.so+0x4f2de9]  report_fatal(char const*, int, char const*)+0x59
V  [libjvm.so+0x68af2b]  compute_offset(int&, Klass*, Symbol*, Symbol*, bool)+0x20b
V  [libjvm.so+0x68bcc9]  java_lang_String::compute_offsets()+0x39
V  [libjvm.so+0xa24dd6]  SystemDictionary::initialize_preloaded_classes(Thread*)+0x86
V  [libjvm.so+0xa7560c]  Universe::genesis(Thread*)+0x3cc
V  [libjvm.so+0xa758bc]  universe2_init()+0x2c
V  [libjvm.so+0x62f68d]  init_globals()+0xbd
V  [libjvm.so+0xa5a02e]  Threads::create_vm(JavaVMInitArgs*, bool*)+0x23e
V  [libjvm.so+0x6c3244]  JNI_CreateJavaVM+0x74
C  [libjli.so+0x745e]  JavaMain+0x9e
C  [libpthread.so.0+0x8182]  start_thread+0xc2


---------------  P R O C E S S  ---------------

Java Threads: ( => current thread )

Other Threads:

=>0x00007f94c000a000 (exited) JavaThread "Unknown thread" [_thread_in_vm, id=12400, stack(0x00007f94c9114000,0x00007f94c9215000)]

VM state:not at safepoint (not fully initialized)

VM Mutex/Monitor currently owned by a thread: None

GC Heap History (0 events):
No events

Deoptimization events (0 events):
No events

Internal exceptions (0 events):
No events

Events (10 events):
Event: 0.021 loading class java/lang/CharSequence done
Event: 0.021 loading class java/lang/String done
Event: 0.021 loading class java/lang/Class
Event: 0.022 loading class java/lang/reflect/AnnotatedElement
Event: 0.022 loading class java/lang/reflect/AnnotatedElement done
Event: 0.022 loading class java/lang/reflect/GenericDeclaration
Event: 0.022 loading class java/lang/reflect/GenericDeclaration done
Event: 0.022 loading class java/lang/reflect/Type
Event: 0.022 loading class java/lang/reflect/Type done
Event: 0.022 loading class java/lang/Class done


Dynamic libraries:
00400000-00401000 r-xp 00000000 08:07 657321                             /usr/lib/jvm/java-8-oracle/bin/java
00600000-00601000 rw-p 00000000 08:07 657321                             /usr/lib/jvm/java-8-oracle/bin/java
00b8a000-00bab000 rw-p 00000000 00:00 0                                  [heap]
c3800000-c6180000 rw-p 00000000 00:00 0 
c6180000-ebd80000 ---p 00000000 00:00 0 
ebd80000-ed200000 rw-p 00000000 00:00 0 
ed200000-100000000 ---p 00000000 00:00 0 
100000000-100060000 rw-p 00000000 00:00 0 
100060000-140000000 ---p 00000000 00:00 0 
7f9494000000-7f9494021000 rw-p 00000000 00:00 0 
7f9494021000-7f9498000000 ---p 00000000 00:00 0 
7f949c000000-7f949c021000 rw-p 00000000 00:00 0 
7f949c021000-7f94a0000000 ---p 00000000 00:00 0 
7f94a4000000-7f94a4021000 rw-p 00000000 00:00 0 
7f94a4021000-7f94a8000000 ---p 00000000 00:00 0 
7f94aa1c0000-7f94ac000000 rw-p 00000000 00:00 0 
7f94ac000000-7f94ac021000 rw-p 00000000 00:00 0 
7f94ac021000-7f94b0000000 ---p 00000000 00:00 0 
7f94b1000000-7f94b1270000 rwxp 00000000 00:00 0 
7f94b1270000-7f94c0000000 ---p 00000000 00:00 0 
7f94c0000000-7f94c005e000 rw-p 00000000 00:00 0 
7f94c005e000-7f94c4000000 ---p 00000000 00:00 0 
7f94c49f1000-7f94c4c75000 rw-p 00000000 00:00 0 
7f94c4c75000-7f94c4d6a000 r--s 017dd000 08:08 1181347                    /home/leeweisberger/android-sdks/platforms/android-22/android.jar
7f94c4d6a000-7f94c51e0000 rw-p 00000000 00:00 0 
7f94c51e0000-7f94c55e0000 ---p 00000000 00:00 0 
7f94c55e0000-7f94c57c4000 rw-p 00000000 00:00 0 
7f94c57c4000-7f94c57c5000 ---p 00000000 00:00 0 
7f94c57c5000-7f94c58c5000 rw-p 00000000 00:00 0                          [stack:12404]
7f94c58c5000-7f94c58c6000 ---p 00000000 00:00 0 
7f94c58c6000-7f94c59c6000 rw-p 00000000 00:00 0                          [stack:12403]
7f94c59c6000-7f94c59c7000 ---p 00000000 00:00 0 
7f94c59c7000-7f94c5ac7000 rw-p 00000000 00:00 0                          [stack:12402]
7f94c5ac7000-7f94c5ac8000 ---p 00000000 00:00 0 
7f94c5ac8000-7f94c5bdd000 rw-p 00000000 00:00 0                          [stack:12401]
7f94c5bdd000-7f94c5d0b000 ---p 00000000 00:00 0 
7f94c5d0b000-7f94c5d20000 rw-p 00000000 00:00 0 
7f94c5d20000-7f94c5e4d000 ---p 00000000 00:00 0 
7f94c5e4d000-7f94c5e58000 rw-p 00000000 00:00 0 
7f94c5e58000-7f94c5eef000 ---p 00000000 00:00 0 
7f94c5eef000-7f94c5efa000 rw-p 00000000 00:00 0 
7f94c5efa000-7f94c62b0000 ---p 00000000 00:00 0 
7f94c62b0000-7f94c62ca000 r-xp 00000000 08:07 796325                     /usr/lib/jvm/java-8-oracle/jre/lib/amd64/libzip.so
7f94c62ca000-7f94c64ca000 ---p 0001a000 08:07 796325                     /usr/lib/jvm/java-8-oracle/jre/lib/amd64/libzip.so
7f94c64ca000-7f94c64cb000 rw-p 0001a000 08:07 796325                     /usr/lib/jvm/java-8-oracle/jre/lib/amd64/libzip.so
7f94c64cb000-7f94c64d6000 r-xp 00000000 08:07 140237                     /lib/x86_64-linux-gnu/libnss_files-2.19.so
7f94c64d6000-7f94c66d5000 ---p 0000b000 08:07 140237                     /lib/x86_64-linux-gnu/libnss_files-2.19.so
7f94c66d5000-7f94c66d6000 r--p 0000a000 08:07 140237                     /lib/x86_64-linux-gnu/libnss_files-2.19.so
7f94c66d6000-7f94c66d7000 rw-p 0000b000 08:07 140237                     /lib/x86_64-linux-gnu/libnss_files-2.19.so
7f94c66d7000-7f94c66e2000 r-xp 00000000 08:07 144961                     /lib/x86_64-linux-gnu/libnss_nis-2.19.so
7f94c66e2000-7f94c68e1000 ---p 0000b000 08:07 144961                     /lib/x86_64-linux-gnu/libnss_nis-2.19.so
7f94c68e1000-7f94c68e2000 r--p 0000a000 08:07 144961                     /lib/x86_64-linux-gnu/libnss_nis-2.19.so
7f94c68e2000-7f94c68e3000 rw-p 0000b000 08:07 144961                     /lib/x86_64-linux-gnu/libnss_nis-2.19.so
7f94c68e3000-7f94c68fa000 r-xp 00000000 08:07 140246                     /lib/x86_64-linux-gnu/libnsl-2.19.so
7f94c68fa000-7f94c6af9000 ---p 00017000 08:07 140246                     /lib/x86_64-linux-gnu/libnsl-2.19.so
7f94c6af9000-7f94c6afa000 r--p 00016000 08:07 140246                     /lib/x86_64-linux-gnu/libnsl-2.19.so
7f94c6afa000-7f94c6afb000 rw-p 00017000 08:07 140246                     /lib/x86_64-linux-gnu/libnsl-2.19.so
7f94c6afb000-7f94c6afd000 rw-p 00000000 00:00 0 
7f94c6afd000-7f94c6b06000 r-xp 00000000 08:07 140245                     /lib/x86_64-linux-gnu/libnss_compat-2.19.so
7f94c6b06000-7f94c6d05000 ---p 00009000 08:07 140245                     /lib/x86_64-linux-gnu/libnss_compat-2.19.so
7f94c6d05000-7f94c6d06000 r--p 00008000 08:07 140245                     /lib/x86_64-linux-gnu/libnss_compat-2.19.so
7f94c6d06000-7f94c6d07000 rw-p 00009000 08:07 140245                     /lib/x86_64-linux-gnu/libnss_compat-2.19.so
7f94c6d07000-7f94c6d31000 r-xp 00000000 08:07 796333                     /usr/lib/jvm/java-8-oracle/jre/lib/amd64/libjava.so
7f94c6d31000-7f94c6f31000 ---p 0002a000 08:07 796333                     /usr/lib/jvm/java-8-oracle/jre/lib/amd64/libjava.so
7f94c6f31000-7f94c6f33000 rw-p 0002a000 08:07 796333                     /usr/lib/jvm/java-8-oracle/jre/lib/amd64/libjava.so
7f94c6f33000-7f94c6f40000 r-xp 00000000 08:07 796344                     /usr/lib/jvm/java-8-oracle/jre/lib/amd64/libverify.so
7f94c6f40000-7f94c7140000 ---p 0000d000 08:07 796344                     /usr/lib/jvm/java-8-oracle/jre/lib/amd64/libverify.so
7f94c7140000-7f94c7142000 rw-p 0000d000 08:07 796344                     /usr/lib/jvm/java-8-oracle/jre/lib/amd64/libverify.so
7f94c7142000-7f94c7149000 r-xp 00000000 08:07 140254                     /lib/x86_64-linux-gnu/librt-2.19.so
7f94c7149000-7f94c7348000 ---p 00007000 08:07 140254                     /lib/x86_64-linux-gnu/librt-2.19.so
7f94c7348000-7f94c7349000 r--p 00006000 08:07 140254                     /lib/x86_64-linux-gnu/librt-2.19.so
7f94c7349000-7f94c734a000 rw-p 00007000 08:07 140254                     /lib/x86_64-linux-gnu/librt-2.19.so
7f94c734a000-7f94c744f000 r-xp 00000000 08:07 140236                     /lib/x86_64-linux-gnu/libm-2.19.so
7f94c744f000-7f94c764e000 ---p 00105000 08:07 140236                     /lib/x86_64-linux-gnu/libm-2.19.so
7f94c764e000-7f94c764f000 r--p 00104000 08:07 140236                     /lib/x86_64-linux-gnu/libm-2.19.so
7f94c764f000-7f94c7650000 rw-p 00105000 08:07 140236                     /lib/x86_64-linux-gnu/libm-2.19.so
7f94c7650000-7f94c82fe000 r-xp 00000000 08:07 796355                     /usr/lib/jvm/java-8-oracle/jre/lib/amd64/server/libjvm.so
7f94c82fe000-7f94c84fd000 ---p 00cae000 08:07 796355                     /usr/lib/jvm/java-8-oracle/jre/lib/amd64/server/libjvm.so
7f94c84fd000-7f94c85d4000 rw-p 00cad000 08:07 796355                     /usr/lib/jvm/java-8-oracle/jre/lib/amd64/server/libjvm.so
7f94c85d4000-7f94c8618000 rw-p 00000000 00:00 0 
7f94c8618000-7f94c87d3000 r-xp 00000000 08:07 140251                     /lib/x86_64-linux-gnu/libc-2.19.so
7f94c87d3000-7f94c89d2000 ---p 001bb000 08:07 140251                     /lib/x86_64-linux-gnu/libc-2.19.so
7f94c89d2000-7f94c89d6000 r--p 001ba000 08:07 140251                     /lib/x86_64-linux-gnu/libc-2.19.so
7f94c89d6000-7f94c89d8000 rw-p 001be000 08:07 140251                     /lib/x86_64-linux-gnu/libc-2.19.so
7f94c89d8000-7f94c89dd000 rw-p 00000000 00:00 0 
7f94c89dd000-7f94c89e0000 r-xp 00000000 08:07 140240                     /lib/x86_64-linux-gnu/libdl-2.19.so
7f94c89e0000-7f94c8bdf000 ---p 00003000 08:07 140240                     /lib/x86_64-linux-gnu/libdl-2.19.so
7f94c8bdf000-7f94c8be0000 r--p 00002000 08:07 140240                     /lib/x86_64-linux-gnu/libdl-2.19.so
7f94c8be0000-7f94c8be1000 rw-p 00003000 08:07 140240                     /lib/x86_64-linux-gnu/libdl-2.19.so
7f94c8be1000-7f94c8bf6000 r-xp 00000000 08:07 796260                     /usr/lib/jvm/java-8-oracle/lib/amd64/jli/libjli.so
7f94c8bf6000-7f94c8df6000 ---p 00015000 08:07 796260                     /usr/lib/jvm/java-8-oracle/lib/amd64/jli/libjli.so
7f94c8df6000-7f94c8df7000 rw-p 00015000 08:07 796260                     /usr/lib/jvm/java-8-oracle/lib/amd64/jli/libjli.so
7f94c8df7000-7f94c8e10000 r-xp 00000000 08:07 140252                     /lib/x86_64-linux-gnu/libpthread-2.19.so
7f94c8e10000-7f94c900f000 ---p 00019000 08:07 140252                     /lib/x86_64-linux-gnu/libpthread-2.19.so
7f94c900f000-7f94c9010000 r--p 00018000 08:07 140252                     /lib/x86_64-linux-gnu/libpthread-2.19.so
7f94c9010000-7f94c9011000 rw-p 00019000 08:07 140252                     /lib/x86_64-linux-gnu/libpthread-2.19.so
7f94c9011000-7f94c9015000 rw-p 00000000 00:00 0 
7f94c9015000-7f94c9038000 r-xp 00000000 08:07 140248                     /lib/x86_64-linux-gnu/ld-2.19.so
7f94c9053000-7f94c9114000 rw-p 00000000 00:00 0 
7f94c9114000-7f94c9117000 ---p 00000000 00:00 0 
7f94c9117000-7f94c9219000 rw-p 00000000 00:00 0                          [stack:12400]
7f94c9228000-7f94c922b000 rw-p 00000000 00:00 0 
7f94c922b000-7f94c9233000 rw-s 00000000 08:07 1054175                    /tmp/hsperfdata_leeweisberger/12398
7f94c9233000-7f94c9234000 rw-p 00000000 00:00 0 
7f94c9234000-7f94c9235000 r--p 00000000 00:00 0 
7f94c9235000-7f94c9237000 rw-p 00000000 00:00 0 
7f94c9237000-7f94c9238000 r--p 00022000 08:07 140248                     /lib/x86_64-linux-gnu/ld-2.19.so
7f94c9238000-7f94c9239000 rw-p 00023000 08:07 140248                     /lib/x86_64-linux-gnu/ld-2.19.so
7f94c9239000-7f94c923a000 rw-p 00000000 00:00 0 
7ffed33ce000-7ffed33ef000 rw-p 00000000 00:00 0                          [stack]
7ffed33f7000-7ffed33f9000 r-xp 00000000 00:00 0                          [vdso]
7ffed33f9000-7ffed33fb000 r--p 00000000 00:00 0                          [vvar]
ffffffffff600000-ffffffffff601000 r-xp 00000000 00:00 0                  [vsyscall]

VM Arguments:
jvm_args: -Dfile.encoding=UTF-8 -Xbootclasspath:/home/leeweisberger/android-sdks/platforms/android-22/android.jar 
java_command: com.example.midloc.RestaurantSearcher
java_class_path (initial): /home/leeweisberger/workspace/Midloc/bin/classes:/home/leeweisberger/workspace/Midloc/libs/bolts-android-1.2.0-javadoc.jar:/home/leeweisberger/workspace/Midloc/libs/bolts-android-1.2.0.jar:/home/leeweisberger/workspace/Midloc/libs/android-support-v4.jar:/home/leeweisberger/workspace/Midloc/libs/ParseCrashReporting-1.9.2.jar:/home/leeweisberger/workspace/appcompat_v7/libs/android-support-v7-appcompat.jar:/home/leeweisberger/workspace/Midloc/libs/Parse-1.9.2.jar:/home/leeweisberger/workspace/appcompat_v7/bin/appcompat_v7.jar
Launcher Type: SUN_STANDARD

Environment Variables:
JAVA_HOME=/usr/lib/jvm/java-8-oracle
PATH=/usr/local/sbin:/usr/local/bin:/usr/sbin:/usr/bin:/sbin:/bin:/usr/games:/usr/local/games:/usr/lib/jvm/java-8-oracle/bin:/usr/lib/jvm/java-8-oracle/db/bin:/usr/lib/jvm/java-8-oracle/jre/bin
SHELL=/bin/bash
DISPLAY=:0

Signal Handlers:
SIGSEGV: [libjvm.so+0xaad1e0], sa_mask[0]=11111111011111111101111111111110, sa_flags=SA_RESTART|SA_SIGINFO
SIGBUS: [libjvm.so+0xaad1e0], sa_mask[0]=11111111011111111101111111111110, sa_flags=SA_RESTART|SA_SIGINFO
SIGFPE: [libjvm.so+0x90b450], sa_mask[0]=11111111011111111101111111111110, sa_flags=SA_RESTART|SA_SIGINFO
SIGPIPE: [libjvm.so+0x90b450], sa_mask[0]=11111111011111111101111111111110, sa_flags=SA_RESTART|SA_SIGINFO
SIGXFSZ: [libjvm.so+0x90b450], sa_mask[0]=11111111011111111101111111111110, sa_flags=SA_RESTART|SA_SIGINFO
SIGILL: [libjvm.so+0x90b450], sa_mask[0]=11111111011111111101111111111110, sa_flags=SA_RESTART|SA_SIGINFO
SIGUSR1: SIG_DFL, sa_mask[0]=00000000000000000000000000000000, sa_flags=none
SIGUSR2: [libjvm.so+0x90ca90], sa_mask[0]=00100000000000000000000000000000, sa_flags=SA_RESTART|SA_SIGINFO
SIGHUP: SIG_DFL, sa_mask[0]=00000000000000000000000000000000, sa_flags=none
SIGINT: SIG_DFL, sa_mask[0]=00000000000000000000000000000000, sa_flags=none
SIGTERM: SIG_DFL, sa_mask[0]=00000000000000000000000000000000, sa_flags=none
SIGQUIT: SIG_DFL, sa_mask[0]=00000000000000000000000000000000, sa_flags=none


---------------  S Y S T E M  ---------------

OS:DISTRIB_ID=Ubuntu
DISTRIB_RELEASE=14.04
DISTRIB_CODENAME=trusty
DISTRIB_DESCRIPTION="Ubuntu 14.04.2 LTS"

uname:Linux 3.16.0-40-generic #54~14.04.1-Ubuntu SMP Wed Jun 10 17:30:45 UTC 2015 x86_64
libc:glibc 2.19 NPTL 2.19 
rlimit: STACK 8192k, CORE 0k, NPROC 14923, NOFILE 4096, AS infinity
load average:0.28 0.33 0.39

/proc/meminfo:
MemTotal:        3957944 kB
MemFree:          221592 kB
MemAvailable:     871148 kB
Buffers:           60032 kB
Cached:          1042808 kB
SwapCached:        21996 kB
Active:          2625592 kB
Inactive:         750224 kB
Active(anon):    2182448 kB
Inactive(anon):   507660 kB
Active(file):     443144 kB
Inactive(file):   242564 kB
Unevictable:         140 kB
Mlocked:             140 kB
SwapTotal:       1952764 kB
SwapFree:        1552412 kB
Dirty:                60 kB
Writeback:            16 kB
AnonPages:       2266252 kB
Mapped:           192976 kB
Shmem:            416912 kB
Slab:             254576 kB
SReclaimable:     217240 kB
SUnreclaim:        37336 kB
KernelStack:        8688 kB
PageTables:        32856 kB
NFS_Unstable:          0 kB
Bounce:                0 kB
WritebackTmp:          0 kB
CommitLimit:     3931736 kB
Committed_AS:    6404988 kB
VmallocTotal:   34359738367 kB
VmallocUsed:      570152 kB
VmallocChunk:   34359071152 kB
HardwareCorrupted:     0 kB
AnonHugePages:    450560 kB
HugePages_Total:       0
HugePages_Free:        0
HugePages_Rsvd:        0
HugePages_Surp:        0
Hugepagesize:       2048 kB
DirectMap4k:      107264 kB
DirectMap2M:     3997696 kB
DirectMap1G:           0 kB


CPU:total 4 (2 cores per cpu, 2 threads per core) family 6 model 69 stepping 1, cmov, cx8, fxsr, mmx, sse, sse2, sse3, ssse3, sse4.1, sse4.2, popcnt, avx, avx2, aes, clmul, erms, lzcnt, ht, tsc, tscinvbit, bmi1, bmi2

/proc/cpuinfo:
processor	: 0
vendor_id	: GenuineIntel
cpu family	: 6
model		: 69
model name	: Intel(R) Core(TM) i5-4200U CPU @ 1.60GHz
stepping	: 1
microcode	: 0x17
cpu MHz		: 2300.000
cache size	: 3072 KB
physical id	: 0
siblings	: 4
core id		: 0
cpu cores	: 2
apicid		: 0
initial apicid	: 0
fpu		: yes
fpu_exception	: yes
cpuid level	: 13
wp		: yes
flags		: fpu vme de pse tsc msr pae mce cx8 apic sep mtrr pge mca cmov pat pse36 clflush dts acpi mmx fxsr sse sse2 ss ht tm pbe syscall nx pdpe1gb rdtscp lm constant_tsc arch_perfmon pebs bts rep_good nopl xtopology nonstop_tsc aperfmperf eagerfpu pni pclmulqdq dtes64 monitor ds_cpl vmx est tm2 ssse3 fma cx16 xtpr pdcm pcid sse4_1 sse4_2 movbe popcnt tsc_deadline_timer aes xsave avx f16c rdrand lahf_lm abm ida arat epb xsaveopt pln pts dtherm tpr_shadow vnmi flexpriority ept vpid fsgsbase tsc_adjust bmi1 avx2 smep bmi2 erms invpcid
bogomips	: 4589.35
clflush size	: 64
cache_alignment	: 64
address sizes	: 39 bits physical, 48 bits virtual
power management:

processor	: 1
vendor_id	: GenuineIntel
cpu family	: 6
model		: 69
model name	: Intel(R) Core(TM) i5-4200U CPU @ 1.60GHz
stepping	: 1
microcode	: 0x17
cpu MHz		: 2300.000
cache size	: 3072 KB
physical id	: 0
siblings	: 4
core id		: 0
cpu cores	: 2
apicid		: 1
initial apicid	: 1
fpu		: yes
fpu_exception	: yes
cpuid level	: 13
wp		: yes
flags		: fpu vme de pse tsc msr pae mce cx8 apic sep mtrr pge mca cmov pat pse36 clflush dts acpi mmx fxsr sse sse2 ss ht tm pbe syscall nx pdpe1gb rdtscp lm constant_tsc arch_perfmon pebs bts rep_good nopl xtopology nonstop_tsc aperfmperf eagerfpu pni pclmulqdq dtes64 monitor ds_cpl vmx est tm2 ssse3 fma cx16 xtpr pdcm pcid sse4_1 sse4_2 movbe popcnt tsc_deadline_timer aes xsave avx f16c rdrand lahf_lm abm ida arat epb xsaveopt pln pts dtherm tpr_shadow vnmi flexpriority ept vpid fsgsbase tsc_adjust bmi1 avx2 smep bmi2 erms invpcid
bogomips	: 4589.35
clflush size	: 64
cache_alignment	: 64
address sizes	: 39 bits physical, 48 bits virtual
power management:

processor	: 2
vendor_id	: GenuineIntel
cpu family	: 6
model		: 69
model name	: Intel(R) Core(TM) i5-4200U CPU @ 1.60GHz
stepping	: 1
microcode	: 0x17
cpu MHz		: 2300.000
cache size	: 3072 KB
physical id	: 0
siblings	: 4
core id		: 1
cpu cores	: 2
apicid		: 2
initial apicid	: 2
fpu		: yes
fpu_exception	: yes
cpuid level	: 13
wp		: yes
flags		: fpu vme de pse tsc msr pae mce cx8 apic sep mtrr pge mca cmov pat pse36 clflush dts acpi mmx fxsr sse sse2 ss ht tm pbe syscall nx pdpe1gb rdtscp lm constant_tsc arch_perfmon pebs bts rep_good nopl xtopology nonstop_tsc aperfmperf eagerfpu pni pclmulqdq dtes64 monitor ds_cpl vmx est tm2 ssse3 fma cx16 xtpr pdcm pcid sse4_1 sse4_2 movbe popcnt tsc_deadline_timer aes xsave avx f16c rdrand lahf_lm abm ida arat epb xsaveopt pln pts dtherm tpr_shadow vnmi flexpriority ept vpid fsgsbase tsc_adjust bmi1 avx2 smep bmi2 erms invpcid
bogomips	: 4589.35
clflush size	: 64
cache_alignment	: 64
address sizes	: 39 bits physical, 48 bits virtual
power management:

processor	: 3
vendor_id	: GenuineIntel
cpu family	: 6
model		: 69
model name	: Intel(R) Core(TM) i5-4200U CPU @ 1.60GHz
stepping	: 1
microcode	: 0x17
cpu MHz		: 2300.000
cache size	: 3072 KB
physical id	: 0
siblings	: 4
core id		: 1
cpu cores	: 2
apicid		: 3
initial apicid	: 3
fpu		: yes
fpu_exception	: yes
cpuid level	: 13
wp		: yes
flags		: fpu vme de pse tsc msr pae mce cx8 apic sep mtrr pge mca cmov pat pse36 clflush dts acpi mmx fxsr sse sse2 ss ht tm pbe syscall nx pdpe1gb rdtscp lm constant_tsc arch_perfmon pebs bts rep_good nopl xtopology nonstop_tsc aperfmperf eagerfpu pni pclmulqdq dtes64 monitor ds_cpl vmx est tm2 ssse3 fma cx16 xtpr pdcm pcid sse4_1 sse4_2 movbe popcnt tsc_deadline_timer aes xsave avx f16c rdrand lahf_lm abm ida arat epb xsaveopt pln pts dtherm tpr_shadow vnmi flexpriority ept vpid fsgsbase tsc_adjust bmi1 avx2 smep bmi2 erms invpcid
bogomips	: 4589.35
clflush size	: 64
cache_alignment	: 64
address sizes	: 39 bits physical, 48 bits virtual
power management:



Memory: 4k page, physical 3957944k(221592k free), swap 1952764k(1552412k free)

vm_info: Java HotSpot(TM) 64-Bit Server VM (25.45-b02) for linux-amd64 JRE (1.8.0_45-b14), built on Apr 10 2015 10:07:45 by "java_re" with gcc 4.3.0 20080428 (Red Hat 4.3.0-8)

time: Tue Jun 30 21:05:01 2015
elapsed time: 0 seconds (0d 0h 0m 0s)

